TN:
SF:src\polyfills.ts
FNF:0
FNH:0
LF:0
LH:0
BRF:0
BRH:0
end_of_record
TN:
SF:src\test.ts
FNF:0
FNH:0
DA:18,1
DA:23,1
DA:25,1
LF:3
LH:3
BRF:0
BRH:0
end_of_record
TN:
SF:src\app\app.component.ts
FNF:0
FNH:0
DA:8,1
DA:9,3
LF:2
LH:2
BRF:0
BRH:0
end_of_record
TN:
SF:src\app\launch-programs\launch-programs.component.ts
FN:25,(anonymous_0)
FN:27,(anonymous_1)
FN:32,(anonymous_2)
FN:36,(anonymous_3)
FN:45,(anonymous_4)
FN:49,(anonymous_5)
FN:64,(anonymous_6)
FN:70,(anonymous_7)
FN:80,(anonymous_8)
FNF:9
FNH:5
FNDA:6,(anonymous_0)
FNDA:1,(anonymous_1)
FNDA:0,(anonymous_2)
FNDA:0,(anonymous_3)
FNDA:1,(anonymous_4)
FNDA:0,(anonymous_5)
FNDA:0,(anonymous_6)
FNDA:2,(anonymous_7)
FNDA:1,(anonymous_8)
DA:12,1
DA:13,6
DA:14,6
DA:17,6
DA:23,6
DA:25,6
DA:28,1
DA:33,0
DA:37,0
DA:38,0
DA:46,1
DA:54,0
DA:55,0
DA:62,0
DA:65,0
DA:71,2
DA:77,2
DA:81,1
LF:18
LH:11
BRDA:37,0,0,0
BRDA:37,0,1,0
BRDA:65,1,0,0
BRDA:65,1,1,0
BRF:4
BRH:0
end_of_record
TN:
SF:src\app\missions\missions.component.ts
FNF:0
FNH:0
DA:9,1
LF:1
LH:1
BRF:0
BRH:0
end_of_record
TN:
SF:src\app\store\spacex-launch.service.mock.ts
FN:4,(anonymous_0)
FN:5,(anonymous_1)
FNF:2
FNH:0
FNDA:0,(anonymous_0)
FNDA:0,(anonymous_1)
DA:5,0
LF:1
LH:0
BRF:0
BRH:0
end_of_record
TN:
SF:src\app\store\spacex-launch.service.ts
FN:17,(anonymous_0)
FN:19,(anonymous_1)
FN:41,(anonymous_2)
FNF:3
FNH:3
FNDA:1,(anonymous_0)
FNDA:1,(anonymous_1)
FNDA:1,(anonymous_2)
DA:12,1
DA:17,1
DA:20,1
DA:21,1
DA:22,0
DA:28,0
DA:34,1
DA:42,1
DA:43,1
LF:9
LH:7
BRDA:21,0,0,0
BRDA:21,0,1,1
BRDA:23,1,0,0
BRDA:23,1,1,0
BRDA:24,2,0,0
BRDA:24,2,1,0
BRDA:25,3,0,0
BRDA:25,3,1,0
BRF:8
BRH:1
end_of_record
TN:
SF:src\app\store\mocks\spacex-launch-details.mock.ts
FNF:0
FNH:0
DA:3,1
LF:1
LH:1
BRF:0
BRH:0
end_of_record
